[    61.888] (WW) Failed to open protocol names file lib/xorg/protocol.txt
[    61.888] 
X.Org X Server 1.20.5
X Protocol Version 11, Revision 0
[    61.889] Build Operating System: Linux Arch Linux
[    61.889] Current Operating System: Linux dtb-arch 5.2.9-arch1-1-ARCH #1 SMP PREEMPT Fri Aug 16 11:29:43 UTC 2019 x86_64
[    61.889] Kernel command line: BOOT_IMAGE=/boot/vmlinuz-linux root=UUID=471d5fd0-bf5b-4eaa-9891-9a1cb19c2054 rw quiet
[    61.889] Build Date: 30 June 2019  09:52:01AM
[    61.889]  
[    61.889] Current version of pixman: 0.38.4
[    61.889] 	Before reporting problems, check http://wiki.x.org
	to make sure that you have the latest version.
[    61.889] Markers: (--) probed, (**) from config file, (==) default setting,
	(++) from command line, (!!) notice, (II) informational,
	(WW) warning, (EE) error, (NI) not implemented, (??) unknown.
[    61.890] (==) Log file: "/home/administrador/.local/share/xorg/Xorg.0.log", Time: Sat Aug 24 11:27:26 2019
[    62.003] (==) Using config directory: "/etc/X11/xorg.conf.d"
[    62.003] (==) Using system config directory "/usr/share/X11/xorg.conf.d"
[    62.036] (==) No Layout section.  Using the first Screen section.
[    62.036] (==) No screen section available. Using defaults.
[    62.036] (**) |-->Screen "Default Screen Section" (0)
[    62.036] (**) |   |-->Monitor "<default monitor>"
[    62.037] (==) No monitor specified for screen "Default Screen Section".
	Using a default monitor configuration.
[    62.037] (==) Automatically adding devices
[    62.037] (==) Automatically enabling devices
[    62.037] (==) Automatically adding GPU devices
[    62.037] (==) Automatically binding GPU devices
[    62.037] (==) Max clients allowed: 256, resource mask: 0x1fffff
[    62.114] (WW) `fonts.dir' not found (or not valid) in "/usr/share/fonts/misc".
[    62.114] 	Entry deleted from font path.
[    62.114] 	(Run 'mkfontdir' on "/usr/share/fonts/misc").
[    62.153] (WW) The directory "/usr/share/fonts/OTF" does not exist.
[    62.153] 	Entry deleted from font path.
[    62.153] (WW) The directory "/usr/share/fonts/Type1" does not exist.
[    62.153] 	Entry deleted from font path.
[    62.184] (==) FontPath set to:
	/usr/share/fonts/TTF,
	/usr/share/fonts/100dpi,
	/usr/share/fonts/75dpi
[    62.184] (==) ModulePath set to "/usr/lib/xorg/modules"
[    62.184] (II) The server relies on udev to provide the list of input devices.
	If no devices become available, reconfigure udev or disable AutoAddDevices.
[    62.184] (II) Module ABI versions:
[    62.184] 	X.Org ANSI C Emulation: 0.4
[    62.184] 	X.Org Video Driver: 24.0
[    62.184] 	X.Org XInput driver : 24.1
[    62.185] 	X.Org Server Extension : 10.0
[    62.186] (++) using VT number 1

[    62.191] (II) systemd-logind: took control of session /org/freedesktop/login1/session/_31
[    62.193] (II) xfree86: Adding drm device (/dev/dri/card0)
[    62.194] (II) systemd-logind: got fd for /dev/dri/card0 226:0 fd 10 paused 0
[    62.195] (II) xfree86: Adding drm device (/dev/dri/card1)
[    62.197] (II) systemd-logind: got fd for /dev/dri/card1 226:1 fd 11 paused 0
[    62.203] (--) PCI:*(0@0:2:0) 8086:5917:1043:165e rev 7, Mem @ 0xed000000/16777216, 0xc0000000/268435456, I/O @ 0x0000f000/64, BIOS @ 0x????????/131072
[    62.203] (--) PCI: (1@0:0:0) 10de:134e:1043:165e rev 162, Mem @ 0xee000000/16777216, 0xd0000000/268435456, 0xe0000000/33554432, I/O @ 0x0000e000/128, BIOS @ 0x????????/524288
[    62.203] (WW) Open ACPI failed (/var/run/acpid.socket) (No such file or directory)
[    62.203] (II) LoadModule: "glx"
[    62.220] (II) Loading /usr/lib/xorg/modules/extensions/libglx.so
[    62.297] (II) Module glx: vendor="X.Org Foundation"
[    62.297] 	compiled for 1.20.5, module version = 1.0.0
[    62.297] 	ABI class: X.Org Server Extension, version 10.0
[    62.297] (==) Matched intel as autoconfigured driver 0
[    62.297] (==) Matched nouveau as autoconfigured driver 1
[    62.297] (==) Matched nv as autoconfigured driver 2
[    62.297] (==) Matched modesetting as autoconfigured driver 3
[    62.297] (==) Matched fbdev as autoconfigured driver 4
[    62.297] (==) Matched vesa as autoconfigured driver 5
[    62.297] (==) Assigned the driver to the xf86ConfigLayout
[    62.297] (II) LoadModule: "intel"
[    62.329] (WW) Warning, couldn't open module intel
[    62.329] (EE) Failed to load module "intel" (module does not exist, 0)
[    62.329] (II) LoadModule: "nouveau"
[    62.330] (WW) Warning, couldn't open module nouveau
[    62.330] (EE) Failed to load module "nouveau" (module does not exist, 0)
[    62.330] (II) LoadModule: "nv"
[    62.330] (WW) Warning, couldn't open module nv
[    62.330] (EE) Failed to load module "nv" (module does not exist, 0)
[    62.330] (II) LoadModule: "modesetting"
[    62.330] (II) Loading /usr/lib/xorg/modules/drivers/modesetting_drv.so
[    62.402] (II) Module modesetting: vendor="X.Org Foundation"
[    62.402] 	compiled for 1.20.5, module version = 1.20.5
[    62.403] 	Module class: X.Org Video Driver
[    62.403] 	ABI class: X.Org Video Driver, version 24.0
[    62.403] (II) LoadModule: "fbdev"
[    62.403] (WW) Warning, couldn't open module fbdev
[    62.403] (EE) Failed to load module "fbdev" (module does not exist, 0)
[    62.403] (II) LoadModule: "vesa"
[    62.403] (II) Loading /usr/lib/xorg/modules/drivers/vesa_drv.so
[    62.404] (II) Module vesa: vendor="X.Org Foundation"
[    62.404] 	compiled for 1.20.0, module version = 2.4.0
[    62.404] 	Module class: X.Org Video Driver
[    62.404] 	ABI class: X.Org Video Driver, version 24.0
[    62.404] (II) modesetting: Driver for Modesetting Kernel Drivers: kms
[    62.404] (II) VESA: driver for VESA chipsets: vesa
[    62.404] xf86EnableIOPorts: failed to set IOPL for I/O (Operation not permitted)
[    62.405] (II) modeset(0): using drv /dev/dri/card0
[    62.405] (II) modeset(G0): using drv /dev/dri/card1
[    62.405] (WW) VGA arbiter: cannot open kernel arbiter, no multi-card support
[    62.405] (II) modeset(0): Creating default Display subsection in Screen section
	"Default Screen Section" for depth/fbbpp 24/32
[    62.405] (==) modeset(0): Depth 24, (==) framebuffer bpp 32
[    62.405] (==) modeset(0): RGB weight 888
[    62.405] (==) modeset(0): Default visual is TrueColor
[    62.405] (II) Loading sub module "glamoregl"
[    62.405] (II) LoadModule: "glamoregl"
[    62.405] (II) Loading /usr/lib/xorg/modules/libglamoregl.so
[    62.460] (II) Module glamoregl: vendor="X.Org Foundation"
[    62.460] 	compiled for 1.20.5, module version = 1.0.1
[    62.460] 	ABI class: X.Org ANSI C Emulation, version 0.4
[    62.890] (II) modeset(0): glamor X acceleration enabled on Mesa DRI Intel(R) UHD Graphics 620 (Kabylake GT2) 
[    62.891] (II) modeset(0): glamor initialized
[    62.892] (II) modeset(0): Output eDP-1 has no monitor section
[    62.896] (II) modeset(0): Output HDMI-1 has no monitor section
[    62.899] (II) modeset(0): EDID for output eDP-1
[    62.899] (II) modeset(0): Manufacturer: LGD  Model: 573  Serial#: 0
[    62.899] (II) modeset(0): Year: 2016  Week: 0
[    62.899] (II) modeset(0): EDID Version: 1.4
[    62.899] (II) modeset(0): Digital Display Input
[    62.899] (II) modeset(0): 8 bits per channel
[    62.899] (II) modeset(0): Digital interface is DisplayPort
[    62.899] (II) modeset(0): Max Image Size [cm]: horiz.: 34  vert.: 19
[    62.899] (II) modeset(0): Gamma: 2.20
[    62.899] (II) modeset(0): No DPMS capabilities specified
[    62.899] (II) modeset(0): Supported color encodings: RGB 4:4:4 
[    62.899] (II) modeset(0): First detailed timing is preferred mode
[    62.899] (II) modeset(0): Preferred mode is native pixel format and refresh rate
[    62.900] (II) modeset(0): redX: 0.585 redY: 0.355   greenX: 0.335 greenY: 0.560
[    62.900] (II) modeset(0): blueX: 0.155 blueY: 0.115   whiteX: 0.313 whiteY: 0.329
[    62.900] (II) modeset(0): Manufacturer's mask: 0
[    62.900] (II) modeset(0): Supported detailed timing:
[    62.900] (II) modeset(0): clock: 138.6 MHz   Image Size:  344 x 194 mm
[    62.900] (II) modeset(0): h_active: 1920  h_sync: 1968  h_sync_end 2000 h_blank_end 2080 h_border: 0
[    62.900] (II) modeset(0): v_active: 1080  v_sync: 1083  v_sync_end 1088 v_blanking: 1111 v_border: 0
[    62.900] (II) modeset(0):  LG Display
[    62.900] (II) modeset(0):  LP156WF9-SPK2
[    62.900] (II) modeset(0): EDID (in hex):
[    62.900] (II) modeset(0): 	00ffffffffffff0030e4730500000000
[    62.900] (II) modeset(0): 	001a0104a522137802cde5955b558f27
[    62.900] (II) modeset(0): 	1d505400000001010101010101010101
[    62.900] (II) modeset(0): 	010101010101243680a070381f403020
[    62.900] (II) modeset(0): 	350058c2100000190000000000000000
[    62.900] (II) modeset(0): 	00000000000000000000000000fe004c
[    62.900] (II) modeset(0): 	4720446973706c61790a2020000000fe
[    62.900] (II) modeset(0): 	004c503135365746392d53504b320016
[    62.900] (II) modeset(0): Printing probed modes for output eDP-1
[    62.900] (II) modeset(0): Modeline "1920x1080"x60.0  138.60  1920 1968 2000 2080  1080 1083 1088 1111 -hsync -vsync (66.6 kHz eP)
[    62.900] (II) modeset(0): Modeline "1920x1080"x119.9  266.50  1920 1944 1960 2000  1080 1081 1084 1111 doublescan +hsync -vsync (133.2 kHz d)
[    62.900] (II) modeset(0): Modeline "1920x1080"x60.0  173.00  1920 2048 2248 2576  1080 1083 1088 1120 -hsync +vsync (67.2 kHz d)
[    62.900] (II) modeset(0): Modeline "1920x1080"x59.9  138.50  1920 1968 2000 2080  1080 1083 1088 1111 +hsync -vsync (66.6 kHz d)
[    62.900] (II) modeset(0): Modeline "1680x1050"x60.0  146.25  1680 1784 1960 2240  1050 1053 1059 1089 -hsync +vsync (65.3 kHz d)
[    62.901] (II) modeset(0): Modeline "1680x1050"x59.9  119.00  1680 1728 1760 1840  1050 1053 1059 1080 +hsync -vsync (64.7 kHz d)
[    62.901] (II) modeset(0): Modeline "1400x1050"x60.0  122.00  1400 1488 1640 1880  1050 1052 1064 1082 +hsync +vsync (64.9 kHz d)
[    62.901] (II) modeset(0): Modeline "1600x900"x120.0  246.00  1600 1728 1900 2200  900 901 904 932 doublescan -hsync +vsync (111.8 kHz d)
[    62.901] (II) modeset(0): Modeline "1600x900"x119.9  186.50  1600 1624 1640 1680  900 901 904 926 doublescan +hsync -vsync (111.0 kHz d)
[    62.901] (II) modeset(0): Modeline "1600x900"x59.9  118.25  1600 1696 1856 2112  900 903 908 934 -hsync +vsync (56.0 kHz d)
[    62.901] (II) modeset(0): Modeline "1600x900"x59.8   97.50  1600 1648 1680 1760  900 903 908 926 +hsync -vsync (55.4 kHz d)
[    62.901] (II) modeset(0): Modeline "1280x1024"x60.0  108.00  1280 1328 1440 1688  1024 1025 1028 1066 +hsync +vsync (64.0 kHz d)
[    62.901] (II) modeset(0): Modeline "1400x900"x60.0  103.50  1400 1480 1624 1848  900 903 913 934 -hsync +vsync (56.0 kHz d)
[    62.901] (II) modeset(0): Modeline "1400x900"x59.9   86.50  1400 1448 1480 1560  900 903 913 926 +hsync -vsync (55.4 kHz d)
[    62.901] (II) modeset(0): Modeline "1280x960"x60.0  108.00  1280 1376 1488 1800  960 961 964 1000 +hsync +vsync (60.0 kHz d)
[    62.901] (II) modeset(0): Modeline "1440x810"x120.0  198.12  1440 1548 1704 1968  810 811 814 839 doublescan -hsync +vsync (100.7 kHz d)
[    62.901] (II) modeset(0): Modeline "1440x810"x119.9  151.88  1440 1464 1480 1520  810 811 814 833 doublescan +hsync -vsync (99.9 kHz d)
[    62.901] (II) modeset(0): Modeline "1368x768"x59.9   85.25  1368 1440 1576 1784  768 771 781 798 -hsync +vsync (47.8 kHz d)
[    62.901] (II) modeset(0): Modeline "1368x768"x59.9   72.25  1368 1416 1448 1528  768 771 781 790 +hsync -vsync (47.3 kHz d)
[    62.901] (II) modeset(0): Modeline "1280x800"x120.0  174.25  1280 1380 1516 1752  800 801 804 829 doublescan -hsync +vsync (99.5 kHz d)
[    62.901] (II) modeset(0): Modeline "1280x800"x119.9  134.25  1280 1304 1320 1360  800 801 804 823 doublescan +hsync -vsync (98.7 kHz d)
[    62.901] (II) modeset(0): Modeline "1280x800"x59.8   83.50  1280 1352 1480 1680  800 803 809 831 -hsync +vsync (49.7 kHz d)
[    62.901] (II) modeset(0): Modeline "1280x800"x59.9   71.00  1280 1328 1360 1440  800 803 809 823 +hsync -vsync (49.3 kHz d)
[    62.901] (II) modeset(0): Modeline "1280x720"x120.0  156.12  1280 1376 1512 1744  720 721 724 746 doublescan -hsync +vsync (89.5 kHz d)
[    62.901] (II) modeset(0): Modeline "1280x720"x120.0  120.75  1280 1304 1320 1360  720 721 724 740 doublescan +hsync -vsync (88.8 kHz d)
[    62.901] (II) modeset(0): Modeline "1280x720"x59.9   74.50  1280 1344 1472 1664  720 723 728 748 -hsync +vsync (44.8 kHz d)
[    62.901] (II) modeset(0): Modeline "1280x720"x59.7   63.75  1280 1328 1360 1440  720 723 728 741 +hsync -vsync (44.3 kHz d)
[    62.901] (II) modeset(0): Modeline "1024x768"x120.1  133.47  1024 1100 1212 1400  768 768 770 794 doublescan -hsync +vsync (95.3 kHz d)
[    62.901] (II) modeset(0): Modeline "1024x768"x60.0   65.00  1024 1048 1184 1344  768 771 777 806 -hsync -vsync (48.4 kHz d)
[    62.901] (II) modeset(0): Modeline "960x720"x120.0  117.00  960 1024 1128 1300  720 720 722 750 doublescan -hsync +vsync (90.0 kHz d)
[    62.901] (II) modeset(0): Modeline "928x696"x120.1  109.15  928 976 1088 1264  696 696 698 719 doublescan -hsync +vsync (86.4 kHz d)
[    62.901] (II) modeset(0): Modeline "896x672"x120.0  102.40  896 960 1060 1224  672 672 674 697 doublescan -hsync +vsync (83.7 kHz d)
[    62.901] (II) modeset(0): Modeline "1024x576"x119.9   98.50  1024 1092 1200 1376  576 577 580 597 doublescan -hsync +vsync (71.6 kHz d)
[    62.901] (II) modeset(0): Modeline "1024x576"x119.9   78.38  1024 1048 1064 1104  576 577 580 592 doublescan +hsync -vsync (71.0 kHz d)
[    62.901] (II) modeset(0): Modeline "1024x576"x59.9   46.50  1024 1064 1160 1296  576 579 584 599 -hsync +vsync (35.9 kHz d)
[    62.901] (II) modeset(0): Modeline "1024x576"x59.8   42.00  1024 1072 1104 1184  576 579 584 593 +hsync -vsync (35.5 kHz d)
[    62.901] (II) modeset(0): Modeline "960x600"x119.9   96.62  960 1028 1128 1296  600 601 604 622 doublescan -hsync +vsync (74.6 kHz d)
[    62.901] (II) modeset(0): Modeline "960x600"x120.0   77.00  960 984 1000 1040  600 601 604 617 doublescan +hsync -vsync (74.0 kHz d)
[    62.901] (II) modeset(0): Modeline "960x540"x119.9   86.50  960 1024 1124 1288  540 541 544 560 doublescan -hsync +vsync (67.2 kHz d)
[    62.901] (II) modeset(0): Modeline "960x540"x120.0   69.25  960 984 1000 1040  540 541 544 555 doublescan +hsync -vsync (66.6 kHz d)
[    62.901] (II) modeset(0): Modeline "960x540"x59.6   40.75  960 992 1088 1216  540 543 548 562 -hsync +vsync (33.5 kHz d)
[    62.901] (II) modeset(0): Modeline "960x540"x59.8   37.25  960 1008 1040 1120  540 543 548 556 +hsync -vsync (33.3 kHz d)
[    62.901] (II) modeset(0): Modeline "800x600"x120.0   81.00  800 832 928 1080  600 600 602 625 doublescan +hsync +vsync (75.0 kHz d)
[    62.901] (II) modeset(0): Modeline "800x600"x60.3   40.00  800 840 968 1056  600 601 605 628 +hsync +vsync (37.9 kHz d)
[    62.901] (II) modeset(0): Modeline "800x600"x56.2   36.00  800 824 896 1024  600 601 603 625 +hsync +vsync (35.2 kHz d)
[    62.901] (II) modeset(0): Modeline "840x525"x120.0   73.12  840 892 980 1120  525 526 529 544 doublescan -hsync +vsync (65.3 kHz d)
[    62.901] (II) modeset(0): Modeline "840x525"x119.8   59.50  840 864 880 920  525 526 529 540 doublescan +hsync -vsync (64.7 kHz d)
[    62.901] (II) modeset(0): Modeline "864x486"x59.9   32.50  864 888 968 1072  486 489 494 506 -hsync +vsync (30.3 kHz d)
[    62.901] (II) modeset(0): Modeline "864x486"x59.6   30.50  864 912 944 1024  486 489 494 500 +hsync -vsync (29.8 kHz d)
[    62.901] (II) modeset(0): Modeline "700x525"x120.0   61.00  700 744 820 940  525 526 532 541 doublescan +hsync +vsync (64.9 kHz d)
[    62.901] (II) modeset(0): Modeline "800x450"x119.9   59.12  800 848 928 1056  450 451 454 467 doublescan -hsync +vsync (56.0 kHz d)
[    62.901] (II) modeset(0): Modeline "800x450"x119.6   48.75  800 824 840 880  450 451 454 463 doublescan +hsync -vsync (55.4 kHz d)
[    62.901] (II) modeset(0): Modeline "640x512"x120.0   54.00  640 664 720 844  512 512 514 533 doublescan +hsync +vsync (64.0 kHz d)
[    62.901] (II) modeset(0): Modeline "700x450"x119.9   51.75  700 740 812 924  450 451 456 467 doublescan -hsync +vsync (56.0 kHz d)
[    62.902] (II) modeset(0): Modeline "700x450"x119.8   43.25  700 724 740 780  450 451 456 463 doublescan +hsync -vsync (55.4 kHz d)
[    62.902] (II) modeset(0): Modeline "640x480"x120.0   54.00  640 688 744 900  480 480 482 500 doublescan +hsync +vsync (60.0 kHz d)
[    62.902] (II) modeset(0): Modeline "640x480"x59.9   25.18  640 656 752 800  480 490 492 525 -hsync -vsync (31.5 kHz d)
[    62.902] (II) modeset(0): Modeline "720x405"x59.5   22.50  720 744 808 896  405 408 413 422 -hsync +vsync (25.1 kHz d)
[    62.902] (II) modeset(0): Modeline "720x405"x59.0   21.75  720 768 800 880  405 408 413 419 +hsync -vsync (24.7 kHz d)
[    62.902] (II) modeset(0): Modeline "684x384"x119.8   42.62  684 720 788 892  384 385 390 399 doublescan -hsync +vsync (47.8 kHz d)
[    62.902] (II) modeset(0): Modeline "684x384"x119.7   36.12  684 708 724 764  384 385 390 395 doublescan +hsync -vsync (47.3 kHz d)
[    62.902] (II) modeset(0): Modeline "640x400"x119.8   41.75  640 676 740 840  400 401 404 415 doublescan -hsync +vsync (49.7 kHz d)
[    62.902] (II) modeset(0): Modeline "640x400"x120.0   35.50  640 664 680 720  400 401 404 411 doublescan +hsync -vsync (49.3 kHz d)
[    62.902] (II) modeset(0): Modeline "640x360"x119.7   37.25  640 672 736 832  360 361 364 374 doublescan -hsync +vsync (44.8 kHz d)
[    62.902] (II) modeset(0): Modeline "640x360"x119.7   31.88  640 664 680 720  360 361 364 370 doublescan +hsync -vsync (44.3 kHz d)
[    62.902] (II) modeset(0): Modeline "640x360"x59.8   18.00  640 664 720 800  360 363 368 376 -hsync +vsync (22.5 kHz d)
[    62.902] (II) modeset(0): Modeline "640x360"x59.3   17.75  640 688 720 800  360 363 368 374 +hsync -vsync (22.2 kHz d)
[    62.902] (II) modeset(0): Modeline "512x384"x120.0   32.50  512 524 592 672  384 385 388 403 doublescan -hsync -vsync (48.4 kHz d)
[    62.902] (II) modeset(0): Modeline "512x288"x120.0   23.25  512 532 580 648  288 289 292 299 doublescan -hsync +vsync (35.9 kHz d)
[    62.902] (II) modeset(0): Modeline "512x288"x119.8   21.00  512 536 552 592  288 289 292 296 doublescan +hsync -vsync (35.5 kHz d)
[    62.902] (II) modeset(0): Modeline "480x270"x119.3   20.38  480 496 544 608  270 271 274 281 doublescan -hsync +vsync (33.5 kHz d)
[    62.902] (II) modeset(0): Modeline "480x270"x119.6   18.62  480 504 520 560  270 271 274 278 doublescan +hsync -vsync (33.3 kHz d)
[    62.902] (II) modeset(0): Modeline "400x300"x120.6   20.00  400 420 484 528  300 300 302 314 doublescan +hsync +vsync (37.9 kHz d)
[    62.902] (II) modeset(0): Modeline "400x300"x112.7   18.00  400 412 448 512  300 300 301 312 doublescan +hsync +vsync (35.2 kHz d)
[    62.902] (II) modeset(0): Modeline "432x243"x119.8   16.25  432 444 484 536  243 244 247 253 doublescan -hsync +vsync (30.3 kHz d)
[    62.902] (II) modeset(0): Modeline "432x243"x119.1   15.25  432 456 472 512  243 244 247 250 doublescan +hsync -vsync (29.8 kHz d)
[    62.902] (II) modeset(0): Modeline "320x240"x120.1   12.59  320 328 376 400  240 245 246 262 doublescan -hsync -vsync (31.5 kHz d)
[    62.902] (II) modeset(0): Modeline "360x202"x119.0   11.25  360 372 404 448  202 204 206 211 doublescan -hsync +vsync (25.1 kHz d)
[    62.902] (II) modeset(0): Modeline "360x202"x118.3   10.88  360 384 400 440  202 204 206 209 doublescan +hsync -vsync (24.7 kHz d)
[    62.902] (II) modeset(0): Modeline "320x180"x119.7    9.00  320 332 360 400  180 181 184 188 doublescan -hsync +vsync (22.5 kHz d)
[    62.902] (II) modeset(0): Modeline "320x180"x118.6    8.88  320 344 360 400  180 181 184 187 doublescan +hsync -vsync (22.2 kHz d)
[    62.906] (II) modeset(0): EDID for output HDMI-1
[    62.906] (II) modeset(0): Output eDP-1 connected
[    62.906] (II) modeset(0): Output HDMI-1 disconnected
[    62.906] (II) modeset(0): Using exact sizes for initial modes
[    62.906] (II) modeset(0): Output eDP-1 using initial mode 1920x1080 +0+0
[    62.906] (==) modeset(0): Using gamma correction (1.0, 1.0, 1.0)
[    62.906] (==) modeset(0): DPI set to (96, 96)
[    62.906] (II) Loading sub module "fb"
[    62.906] (II) LoadModule: "fb"
[    62.906] (II) Loading /usr/lib/xorg/modules/libfb.so
[    62.907] (II) Module fb: vendor="X.Org Foundation"
[    62.907] 	compiled for 1.20.5, module version = 1.0.0
[    62.907] 	ABI class: X.Org ANSI C Emulation, version 0.4
[    62.908] (==) modeset(G0): Depth 24, (==) framebuffer bpp 32
[    62.908] (==) modeset(G0): RGB weight 888
[    62.908] (==) modeset(G0): Default visual is TrueColor
[    62.908] (II) Loading sub module "glamoregl"
[    62.908] (II) LoadModule: "glamoregl"
[    62.908] (II) Loading /usr/lib/xorg/modules/libglamoregl.so
[    62.908] (II) Module glamoregl: vendor="X.Org Foundation"
[    62.908] 	compiled for 1.20.5, module version = 1.0.1
[    62.908] 	ABI class: X.Org ANSI C Emulation, version 0.4
[    64.477] (II) modeset(G0): glamor X acceleration enabled on NV118
[    64.478] (II) modeset(G0): glamor initialized
[    64.478] (==) modeset(G0): Using gamma correction (1.0, 1.0, 1.0)
[    64.478] (==) modeset(G0): DPI set to (96, 96)
[    64.478] (II) Loading sub module "fb"
[    64.478] (II) LoadModule: "fb"
[    64.478] (II) Loading /usr/lib/xorg/modules/libfb.so
[    64.478] (II) Module fb: vendor="X.Org Foundation"
[    64.478] 	compiled for 1.20.5, module version = 1.0.0
[    64.478] 	ABI class: X.Org ANSI C Emulation, version 0.4
[    64.478] (II) UnloadModule: "vesa"
[    64.478] (II) Unloading vesa
[    65.736] (==) modeset(G0): Backing store enabled
[    65.736] (==) modeset(G0): Silken mouse disabled
[    65.737] (II) modeset(G0): Initializing kms color map for depth 24, 8 bpc.
[    65.737] (==) modeset(G0): DPMS enabled
[    65.739] (II) modeset(G0): [DRI2] Setup complete
[    65.739] (II) modeset(G0): [DRI2]   DRI driver: nouveau
[    65.739] (II) modeset(G0): [DRI2]   VDPAU driver: nouveau
[    66.225] (==) modeset(0): Backing store enabled
[    66.225] (==) modeset(0): Silken mouse disabled
[    66.290] (II) modeset(0): Initializing kms color map for depth 24, 8 bpc.
[    66.290] (==) modeset(0): DPMS enabled
[    66.292] (II) modeset(0): [DRI2] Setup complete
[    66.292] (II) modeset(0): [DRI2]   DRI driver: i965
[    66.292] (II) modeset(0): [DRI2]   VDPAU driver: i965
[    66.292] (II) Initializing extension Generic Event Extension
[    66.292] (II) Initializing extension SHAPE
[    66.292] (II) Initializing extension MIT-SHM
[    66.292] (II) Initializing extension XInputExtension
[    66.292] (II) Initializing extension XTEST
[    66.292] (II) Initializing extension BIG-REQUESTS
[    66.292] (II) Initializing extension SYNC
[    66.292] (II) Initializing extension XKEYBOARD
[    66.292] (II) Initializing extension XC-MISC
[    66.292] (II) Initializing extension SECURITY
[    66.292] (II) Initializing extension XFIXES
[    66.292] (II) Initializing extension RENDER
[    66.292] (II) Initializing extension RANDR
[    66.292] (II) Initializing extension COMPOSITE
[    66.292] (II) Initializing extension DAMAGE
[    66.292] (II) Initializing extension MIT-SCREEN-SAVER
[    66.292] (II) Initializing extension DOUBLE-BUFFER
[    66.292] (II) Initializing extension RECORD
[    66.292] (II) Initializing extension DPMS
[    66.292] (II) Initializing extension Present
[    66.292] (II) Initializing extension DRI3
[    66.292] (II) Initializing extension X-Resource
[    66.292] (II) Initializing extension XVideo
[    66.292] (II) Initializing extension XVideo-MotionCompensation
[    66.292] (II) Initializing extension GLX
[    66.299] (II) AIGLX: Loaded and initialized i965
[    66.299] (II) GLX: Initialized DRI2 GL provider for screen 0
[    66.299] (II) Initializing extension XFree86-VidModeExtension
[    66.299] (II) Initializing extension XFree86-DGA
[    66.299] (II) Initializing extension XFree86-DRI
[    66.299] (II) Initializing extension DRI2
[    66.315] (II) modeset(G0): Damage tracking initialized
[    66.418] (II) modeset(0): Damage tracking initialized
[    66.418] (II) modeset(0): Setting screen physical size to 508 x 285
[    67.062] (II) config/udev: Adding input device Power Button (/dev/input/event3)
[    67.062] (**) Power Button: Applying InputClass "libinput keyboard catchall"
[    67.062] (**) Power Button: Applying InputClass "evdev keyboard catchall"
[    67.062] (II) LoadModule: "evdev"
[    67.062] (WW) Warning, couldn't open module evdev
[    67.062] (EE) Failed to load module "evdev" (module does not exist, 0)
[    67.062] (EE) No input driver matching `evdev'
[    67.062] (II) Falling back to input driver `libinput'
[    67.062] (II) LoadModule: "libinput"
[    67.062] (II) Loading /usr/lib/xorg/modules/input/libinput_drv.so
[    67.105] (II) Module libinput: vendor="X.Org Foundation"
[    67.105] 	compiled for 1.20.5, module version = 0.29.0
[    67.105] 	Module class: X.Org XInput Driver
[    67.105] 	ABI class: X.Org XInput driver, version 24.1
[    67.105] (II) Using input driver 'libinput' for 'Power Button'
[    67.107] (II) systemd-logind: got fd for /dev/input/event3 13:67 fd 19 paused 0
[    67.107] (**) Power Button: always reports core events
[    67.107] (**) Option "Device" "/dev/input/event3"
[    67.107] (**) Option "_source" "server/udev"
[    67.179] (II) event3  - Power Button: is tagged by udev as: Keyboard
[    67.179] (II) event3  - Power Button: device is a keyboard
[    67.179] (II) event3  - Power Button: device removed
[    67.179] (**) Option "config_info" "udev:/sys/devices/LNXSYSTM:00/LNXPWRBN:00/input/input3/event3"
[    67.179] (II) XINPUT: Adding extended input device "Power Button" (type: KEYBOARD, id 6)
[    67.179] (**) Option "xkb_layout" "br"
[    67.179] (**) Option "xkb_variant" "abnt2"
[    67.205] (II) event3  - Power Button: is tagged by udev as: Keyboard
[    67.205] (II) event3  - Power Button: device is a keyboard
[    67.206] (II) config/udev: Adding input device Asus Wireless Radio Control (/dev/input/event5)
[    67.206] (**) Asus Wireless Radio Control: Applying InputClass "libinput keyboard catchall"
[    67.206] (**) Asus Wireless Radio Control: Applying InputClass "evdev keyboard catchall"
[    67.206] (II) LoadModule: "evdev"
[    67.206] (WW) Warning, couldn't open module evdev
[    67.206] (EE) Failed to load module "evdev" (module does not exist, 0)
[    67.206] (EE) No input driver matching `evdev'
[    67.206] (II) Falling back to input driver `libinput'
[    67.206] (II) Using input driver 'libinput' for 'Asus Wireless Radio Control'
[    67.206] (II) systemd-logind: got fd for /dev/input/event5 13:69 fd 22 paused 0
[    67.206] (**) Asus Wireless Radio Control: always reports core events
[    67.206] (**) Option "Device" "/dev/input/event5"
[    67.206] (**) Option "_source" "server/udev"
[    67.207] (II) event5  - Asus Wireless Radio Control: is tagged by udev as: Keyboard
[    67.207] (II) event5  - Asus Wireless Radio Control: device is a keyboard
[    67.207] (II) event5  - Asus Wireless Radio Control: device removed
[    67.207] (**) Option "config_info" "udev:/sys/devices/LNXSYSTM:00/LNXSYBUS:00/ATK4002:00/input/input5/event5"
[    67.207] (II) XINPUT: Adding extended input device "Asus Wireless Radio Control" (type: KEYBOARD, id 7)
[    67.207] (**) Option "xkb_layout" "br"
[    67.207] (**) Option "xkb_variant" "abnt2"
[    67.208] (II) event5  - Asus Wireless Radio Control: is tagged by udev as: Keyboard
[    67.208] (II) event5  - Asus Wireless Radio Control: device is a keyboard
[    67.208] (II) config/udev: Adding input device Video Bus (/dev/input/event9)
[    67.208] (**) Video Bus: Applying InputClass "libinput keyboard catchall"
[    67.208] (**) Video Bus: Applying InputClass "evdev keyboard catchall"
[    67.208] (II) LoadModule: "evdev"
[    67.208] (WW) Warning, couldn't open module evdev
[    67.208] (EE) Failed to load module "evdev" (module does not exist, 0)
[    67.208] (EE) No input driver matching `evdev'
[    67.208] (II) Falling back to input driver `libinput'
[    67.208] (II) Using input driver 'libinput' for 'Video Bus'
[    67.209] (II) systemd-logind: got fd for /dev/input/event9 13:73 fd 23 paused 0
[    67.209] (**) Video Bus: always reports core events
[    67.209] (**) Option "Device" "/dev/input/event9"
[    67.209] (**) Option "_source" "server/udev"
[    67.209] (II) event9  - Video Bus: is tagged by udev as: Keyboard
[    67.209] (II) event9  - Video Bus: device is a keyboard
[    67.209] (II) event9  - Video Bus: device removed
[    67.209] (**) Option "config_info" "udev:/sys/devices/LNXSYSTM:00/LNXSYBUS:00/PNP0A08:00/LNXVIDEO:00/input/input12/event9"
[    67.209] (II) XINPUT: Adding extended input device "Video Bus" (type: KEYBOARD, id 8)
[    67.209] (**) Option "xkb_layout" "br"
[    67.209] (**) Option "xkb_variant" "abnt2"
[    67.210] (II) event9  - Video Bus: is tagged by udev as: Keyboard
[    67.210] (II) event9  - Video Bus: device is a keyboard
[    67.211] (II) config/udev: Adding input device Lid Switch (/dev/input/event0)
[    67.211] (II) No input driver specified, ignoring this device.
[    67.211] (II) This device may have been added with another device file.
[    67.211] (II) config/udev: Adding input device Video Bus (/dev/input/event10)
[    67.211] (**) Video Bus: Applying InputClass "libinput keyboard catchall"
[    67.211] (**) Video Bus: Applying InputClass "evdev keyboard catchall"
[    67.211] (II) LoadModule: "evdev"
[    67.211] (WW) Warning, couldn't open module evdev
[    67.211] (EE) Failed to load module "evdev" (module does not exist, 0)
[    67.211] (EE) No input driver matching `evdev'
[    67.211] (II) Falling back to input driver `libinput'
[    67.211] (II) Using input driver 'libinput' for 'Video Bus'
[    67.212] (II) systemd-logind: got fd for /dev/input/event10 13:74 fd 24 paused 0
[    67.212] (**) Video Bus: always reports core events
[    67.212] (**) Option "Device" "/dev/input/event10"
[    67.212] (**) Option "_source" "server/udev"
[    67.212] (II) event10 - Video Bus: is tagged by udev as: Keyboard
[    67.212] (II) event10 - Video Bus: device is a keyboard
[    67.212] (II) event10 - Video Bus: device removed
[    67.212] (**) Option "config_info" "udev:/sys/devices/LNXSYSTM:00/LNXSYBUS:00/PNP0A08:00/device:24/LNXVIDEO:01/input/input13/event10"
[    67.212] (II) XINPUT: Adding extended input device "Video Bus" (type: KEYBOARD, id 9)
[    67.212] (**) Option "xkb_layout" "br"
[    67.213] (**) Option "xkb_variant" "abnt2"
[    67.213] (II) event10 - Video Bus: is tagged by udev as: Keyboard
[    67.213] (II) event10 - Video Bus: device is a keyboard
[    67.214] (II) config/udev: Adding input device Power Button (/dev/input/event2)
[    67.214] (**) Power Button: Applying InputClass "libinput keyboard catchall"
[    67.214] (**) Power Button: Applying InputClass "evdev keyboard catchall"
[    67.214] (II) LoadModule: "evdev"
[    67.214] (WW) Warning, couldn't open module evdev
[    67.214] (EE) Failed to load module "evdev" (module does not exist, 0)
[    67.214] (EE) No input driver matching `evdev'
[    67.214] (II) Falling back to input driver `libinput'
[    67.214] (II) Using input driver 'libinput' for 'Power Button'
[    67.214] (II) systemd-logind: got fd for /dev/input/event2 13:66 fd 25 paused 0
[    67.214] (**) Power Button: always reports core events
[    67.214] (**) Option "Device" "/dev/input/event2"
[    67.214] (**) Option "_source" "server/udev"
[    67.215] (II) event2  - Power Button: is tagged by udev as: Keyboard
[    67.215] (II) event2  - Power Button: device is a keyboard
[    67.215] (II) event2  - Power Button: device removed
[    67.215] (**) Option "config_info" "udev:/sys/devices/LNXSYSTM:00/LNXSYBUS:00/PNP0C0C:00/input/input2/event2"
[    67.215] (II) XINPUT: Adding extended input device "Power Button" (type: KEYBOARD, id 10)
[    67.215] (**) Option "xkb_layout" "br"
[    67.215] (**) Option "xkb_variant" "abnt2"
[    67.216] (II) event2  - Power Button: is tagged by udev as: Keyboard
[    67.216] (II) event2  - Power Button: device is a keyboard
[    67.216] (II) config/udev: Adding input device Sleep Button (/dev/input/event1)
[    67.216] (**) Sleep Button: Applying InputClass "libinput keyboard catchall"
[    67.216] (**) Sleep Button: Applying InputClass "evdev keyboard catchall"
[    67.216] (II) LoadModule: "evdev"
[    67.216] (WW) Warning, couldn't open module evdev
[    67.216] (EE) Failed to load module "evdev" (module does not exist, 0)
[    67.216] (EE) No input driver matching `evdev'
[    67.216] (II) Falling back to input driver `libinput'
[    67.216] (II) Using input driver 'libinput' for 'Sleep Button'
[    67.217] (II) systemd-logind: got fd for /dev/input/event1 13:65 fd 26 paused 0
[    67.217] (**) Sleep Button: always reports core events
[    67.217] (**) Option "Device" "/dev/input/event1"
[    67.217] (**) Option "_source" "server/udev"
[    67.217] (II) event1  - Sleep Button: is tagged by udev as: Keyboard
[    67.217] (II) event1  - Sleep Button: device is a keyboard
[    67.217] (II) event1  - Sleep Button: device removed
[    67.217] (**) Option "config_info" "udev:/sys/devices/LNXSYSTM:00/LNXSYBUS:00/PNP0C0E:00/input/input1/event1"
[    67.217] (II) XINPUT: Adding extended input device "Sleep Button" (type: KEYBOARD, id 11)
[    67.217] (**) Option "xkb_layout" "br"
[    67.217] (**) Option "xkb_variant" "abnt2"
[    67.218] (II) event1  - Sleep Button: is tagged by udev as: Keyboard
[    67.218] (II) event1  - Sleep Button: device is a keyboard
[    67.219] (II) config/udev: Adding input device USB2.0 VGA UVC WebCam: USB2.0 V (/dev/input/event18)
[    67.219] (**) USB2.0 VGA UVC WebCam: USB2.0 V: Applying InputClass "libinput keyboard catchall"
[    67.219] (**) USB2.0 VGA UVC WebCam: USB2.0 V: Applying InputClass "evdev keyboard catchall"
[    67.219] (II) LoadModule: "evdev"
[    67.219] (WW) Warning, couldn't open module evdev
[    67.219] (EE) Failed to load module "evdev" (module does not exist, 0)
[    67.219] (EE) No input driver matching `evdev'
[    67.219] (II) Falling back to input driver `libinput'
[    67.219] (II) Using input driver 'libinput' for 'USB2.0 VGA UVC WebCam: USB2.0 V'
[    67.219] (II) systemd-logind: got fd for /dev/input/event18 13:82 fd 27 paused 0
[    67.219] (**) USB2.0 VGA UVC WebCam: USB2.0 V: always reports core events
[    67.219] (**) Option "Device" "/dev/input/event18"
[    67.219] (**) Option "_source" "server/udev"
[    67.220] (II) event18 - USB2.0 VGA UVC WebCam: USB2.0 V: is tagged by udev as: Keyboard
[    67.220] (II) event18 - USB2.0 VGA UVC WebCam: USB2.0 V: device is a keyboard
[    67.220] (II) event18 - USB2.0 VGA UVC WebCam: USB2.0 V: device removed
[    67.220] (**) Option "config_info" "udev:/sys/devices/pci0000:00/0000:00:14.0/usb1/1-6/1-6:1.0/input/input21/event18"
[    67.220] (II) XINPUT: Adding extended input device "USB2.0 VGA UVC WebCam: USB2.0 V" (type: KEYBOARD, id 12)
[    67.220] (**) Option "xkb_layout" "br"
[    67.220] (**) Option "xkb_variant" "abnt2"
[    67.221] (II) event18 - USB2.0 VGA UVC WebCam: USB2.0 V: is tagged by udev as: Keyboard
[    67.221] (II) event18 - USB2.0 VGA UVC WebCam: USB2.0 V: device is a keyboard
[    67.221] (II) config/udev: Adding input device ELAN1200:00 04F3:303E Touchpad (/dev/input/event8)
[    67.221] (**) ELAN1200:00 04F3:303E Touchpad: Applying InputClass "libinput touchpad catchall"
[    67.221] (**) ELAN1200:00 04F3:303E Touchpad: Applying InputClass "MyTouchpad"
[    67.221] (II) Using input driver 'libinput' for 'ELAN1200:00 04F3:303E Touchpad'
[    67.327] (II) systemd-logind: got fd for /dev/input/event8 13:72 fd 28 paused 0
[    67.327] (**) ELAN1200:00 04F3:303E Touchpad: always reports core events
[    67.327] (**) Option "Device" "/dev/input/event8"
[    67.327] (**) Option "_source" "server/udev"
[    67.329] (II) event8  - ELAN1200:00 04F3:303E Touchpad: is tagged by udev as: Touchpad
[    67.331] (II) event8  - ELAN1200:00 04F3:303E Touchpad: device is a touchpad
[    67.331] (II) event8  - ELAN1200:00 04F3:303E Touchpad: device removed
[    67.331] (**) Option "Tapping" "on"
[    67.331] (**) Option "config_info" "udev:/sys/devices/pci0000:00/0000:00:15.1/i2c_designware.1/i2c-2/i2c-ELAN1200:00/0018:04F3:303E.0001/input/input11/event8"
[    67.331] (II) XINPUT: Adding extended input device "ELAN1200:00 04F3:303E Touchpad" (type: TOUCHPAD, id 13)
[    67.333] (**) Option "AccelerationScheme" "none"
[    67.333] (**) ELAN1200:00 04F3:303E Touchpad: (accel) selected scheme none/0
[    67.333] (**) ELAN1200:00 04F3:303E Touchpad: (accel) acceleration factor: 2.000
[    67.333] (**) ELAN1200:00 04F3:303E Touchpad: (accel) acceleration threshold: 4
[    67.335] (II) event8  - ELAN1200:00 04F3:303E Touchpad: is tagged by udev as: Touchpad
[    67.337] (II) event8  - ELAN1200:00 04F3:303E Touchpad: device is a touchpad
[    67.338] (II) config/udev: Adding input device ELAN1200:00 04F3:303E Touchpad (/dev/input/mouse0)
[    67.338] (**) ELAN1200:00 04F3:303E Touchpad: Applying InputClass "MyTouchpad"
[    67.338] (II) Using input driver 'libinput' for 'ELAN1200:00 04F3:303E Touchpad'
[    67.338] (**) ELAN1200:00 04F3:303E Touchpad: always reports core events
[    67.338] (**) Option "Device" "/dev/input/mouse0"
[    67.338] (**) Option "_source" "server/udev"
[    67.338] (EE) xf86OpenSerial: Cannot open device /dev/input/mouse0
	Permission denied.
[    67.338] (II) mouse0: opening input device '/dev/input/mouse0' failed (Permission denied).
[    67.338] (II) mouse0  - failed to create input device '/dev/input/mouse0'.
[    67.338] (EE) libinput: ELAN1200:00 04F3:303E Touchpad: Failed to create a device for /dev/input/mouse0
[    67.338] (EE) PreInit returned 2 for "ELAN1200:00 04F3:303E Touchpad"
[    67.338] (II) UnloadModule: "libinput"
[    67.340] (II) config/udev: Adding input device HDA Intel PCH Mic (/dev/input/event11)
[    67.340] (II) No input driver specified, ignoring this device.
[    67.340] (II) This device may have been added with another device file.
[    67.340] (II) config/udev: Adding input device HDA Intel PCH Headphone (/dev/input/event12)
[    67.340] (II) No input driver specified, ignoring this device.
[    67.340] (II) This device may have been added with another device file.
[    67.341] (II) config/udev: Adding input device HDA Intel PCH HDMI/DP,pcm=3 (/dev/input/event13)
[    67.341] (II) No input driver specified, ignoring this device.
[    67.341] (II) This device may have been added with another device file.
[    67.341] (II) config/udev: Adding input device HDA Intel PCH HDMI/DP,pcm=7 (/dev/input/event14)
[    67.341] (II) No input driver specified, ignoring this device.
[    67.341] (II) This device may have been added with another device file.
[    67.342] (II) config/udev: Adding input device HDA Intel PCH HDMI/DP,pcm=8 (/dev/input/event15)
[    67.342] (II) No input driver specified, ignoring this device.
[    67.342] (II) This device may have been added with another device file.
[    67.342] (II) config/udev: Adding input device HDA Intel PCH HDMI/DP,pcm=9 (/dev/input/event16)
[    67.343] (II) No input driver specified, ignoring this device.
[    67.343] (II) This device may have been added with another device file.
[    67.343] (II) config/udev: Adding input device HDA Intel PCH HDMI/DP,pcm=10 (/dev/input/event17)
[    67.343] (II) No input driver specified, ignoring this device.
[    67.343] (II) This device may have been added with another device file.
[    67.344] (II) config/udev: Adding input device Asus WMI hotkeys (/dev/input/event7)
[    67.344] (**) Asus WMI hotkeys: Applying InputClass "libinput keyboard catchall"
[    67.344] (**) Asus WMI hotkeys: Applying InputClass "evdev keyboard catchall"
[    67.344] (II) LoadModule: "evdev"
[    67.344] (WW) Warning, couldn't open module evdev
[    67.344] (EE) Failed to load module "evdev" (module does not exist, 0)
[    67.344] (EE) No input driver matching `evdev'
[    67.344] (II) Falling back to input driver `libinput'
[    67.344] (II) Using input driver 'libinput' for 'Asus WMI hotkeys'
[    67.345] (II) systemd-logind: got fd for /dev/input/event7 13:71 fd 29 paused 0
[    67.345] (**) Asus WMI hotkeys: always reports core events
[    67.345] (**) Option "Device" "/dev/input/event7"
[    67.345] (**) Option "_source" "server/udev"
[    67.347] (II) event7  - Asus WMI hotkeys: is tagged by udev as: Keyboard
[    67.347] (II) event7  - Asus WMI hotkeys: device is a keyboard
[    67.347] (II) event7  - Asus WMI hotkeys: device removed
[    67.347] (**) Option "config_info" "udev:/sys/devices/platform/asus-nb-wmi/input/input7/event7"
[    67.347] (II) XINPUT: Adding extended input device "Asus WMI hotkeys" (type: KEYBOARD, id 14)
[    67.347] (**) Option "xkb_layout" "br"
[    67.347] (**) Option "xkb_variant" "abnt2"
[    67.349] (II) event7  - Asus WMI hotkeys: is tagged by udev as: Keyboard
[    67.349] (II) event7  - Asus WMI hotkeys: device is a keyboard
[    67.350] (II) config/udev: Adding input device AT Translated Set 2 keyboard (/dev/input/event4)
[    67.350] (**) AT Translated Set 2 keyboard: Applying InputClass "libinput keyboard catchall"
[    67.350] (**) AT Translated Set 2 keyboard: Applying InputClass "evdev keyboard catchall"
[    67.350] (II) LoadModule: "evdev"
[    67.350] (WW) Warning, couldn't open module evdev
[    67.350] (EE) Failed to load module "evdev" (module does not exist, 0)
[    67.350] (EE) No input driver matching `evdev'
[    67.350] (II) Falling back to input driver `libinput'
[    67.350] (II) Using input driver 'libinput' for 'AT Translated Set 2 keyboard'
[    67.351] (II) systemd-logind: got fd for /dev/input/event4 13:68 fd 30 paused 0
[    67.351] (**) AT Translated Set 2 keyboard: always reports core events
[    67.351] (**) Option "Device" "/dev/input/event4"
[    67.351] (**) Option "_source" "server/udev"
[    67.353] (II) event4  - AT Translated Set 2 keyboard: is tagged by udev as: Keyboard
[    67.353] (II) event4  - AT Translated Set 2 keyboard: device is a keyboard
[    67.354] (II) event4  - AT Translated Set 2 keyboard: device removed
[    67.354] (**) Option "config_info" "udev:/sys/devices/platform/i8042/serio0/input/input4/event4"
[    67.354] (II) XINPUT: Adding extended input device "AT Translated Set 2 keyboard" (type: KEYBOARD, id 15)
[    67.354] (**) Option "xkb_layout" "br"
[    67.354] (**) Option "xkb_variant" "abnt2"
[    67.356] (II) event4  - AT Translated Set 2 keyboard: is tagged by udev as: Keyboard
[    67.356] (II) event4  - AT Translated Set 2 keyboard: device is a keyboard
[    67.358] (II) config/udev: Adding input device PC Speaker (/dev/input/event6)
[    67.358] (II) No input driver specified, ignoring this device.
[    67.358] (II) This device may have been added with another device file.
[    84.390] (II) modeset(0): EDID vendor "LGD", prod id 1395
[    84.390] (II) modeset(0): Printing DDC gathered Modelines:
[    84.390] (II) modeset(0): Modeline "1920x1080"x0.0  138.60  1920 1968 2000 2080  1080 1083 1088 1111 -hsync -vsync (66.6 kHz eP)
[    92.099] (II) modeset(0): EDID vendor "LGD", prod id 1395
[    92.099] (II) modeset(0): Printing DDC gathered Modelines:
[    92.099] (II) modeset(0): Modeline "1920x1080"x0.0  138.60  1920 1968 2000 2080  1080 1083 1088 1111 -hsync -vsync (66.6 kHz eP)
